[    0.000000] Linux version 4.15.0-135-generic (buildd@lgw01-amd64-005) (gcc version 7.5.0 (Ubuntu 7.5.0-3ubuntu1~18.04)) #139-Ubuntu SMP Mon Jan 18 17:38:24 UTC 2021 (Ubuntu 4.15.0-135.139-generic 4.15.18)
[    0.000000] Command line: BOOT_IMAGE=/boot/vmlinuz-4.15.0-135-generic root=UUID=a7cc7f74-b099-45a4-9eb5-9d006fce0a97 ro console=tty1 console=ttyS0
[    0.000000] KERNEL supported cpus:
[    0.000000]   Intel GenuineIntel
[    0.000000]   AMD AuthenticAMD
[    0.000000]   Centaur CentaurHauls
[    0.000000] x86/fpu: Supporting XSAVE feature 0x001: 'x87 floating point registers'
[    0.000000] x86/fpu: Supporting XSAVE feature 0x002: 'SSE registers'
[    0.000000] x86/fpu: Supporting XSAVE feature 0x004: 'AVX registers'
[    0.000000] x86/fpu: xstate_offset[2]:  576, xstate_sizes[2]:  256
[    0.000000] x86/fpu: Enabled xstate features 0x7, context size is 832 bytes, using 'standard' format.
[    0.000000] e820: BIOS-provided physical RAM map:
[    0.000000] BIOS-e820: [mem 0x0000000000000000-0x000000000009fbff] usable
[    0.000000] BIOS-e820: [mem 0x000000000009fc00-0x000000000009ffff] reserved
[    0.000000] BIOS-e820: [mem 0x00000000000f0000-0x00000000000fffff] reserved
[    0.000000] BIOS-e820: [mem 0x0000000000100000-0x000000003ffeffff] usable
[    0.000000] BIOS-e820: [mem 0x000000003fff0000-0x000000003fffffff] ACPI data
[    0.000000] BIOS-e820: [mem 0x00000000fec00000-0x00000000fec00fff] reserved
[    0.000000] BIOS-e820: [mem 0x00000000fee00000-0x00000000fee00fff] reserved
[    0.000000] BIOS-e820: [mem 0x00000000fffc0000-0x00000000ffffffff] reserved
[    0.000000] NX (Execute Disable) protection: active
[    0.000000] SMBIOS 2.5 present.
[    0.000000] DMI: innotek GmbH VirtualBox/VirtualBox, BIOS VirtualBox 12/01/2006
[    0.000000] Hypervisor detected: KVM
[    0.000000] e820: last_pfn = 0x3fff0 max_arch_pfn = 0x400000000
[    0.000000] MTRR: Disabled
[    0.000000] x86/PAT: MTRRs disabled, skipping PAT initialization too.
[    0.000000] CPU MTRRs all blank - virtualized system.
[    0.000000] x86/PAT: Configuration [0-7]: WB  WT  UC- UC  WB  WT  UC- UC  
[    0.000000] found SMP MP-table at [mem 0x0009fff0-0x0009ffff]
[    0.000000] Scanning 1 areas for low memory corruption
[    0.000000] RAMDISK: [mem 0x3595d000-0x36ca5fff]
[    0.000000] ACPI: Early table checksum verification disabled
[    0.000000] ACPI: RSDP 0x00000000000E0000 000024 (v02 VBOX  )
[    0.000000] ACPI: XSDT 0x000000003FFF0030 00003C (v01 VBOX   VBOXXSDT 00000001 ASL  00000061)
[    0.000000] ACPI: FACP 0x000000003FFF00F0 0000F4 (v04 VBOX   VBOXFACP 00000001 ASL  00000061)
[    0.000000] ACPI: DSDT 0x000000003FFF0470 0022EA (v02 VBOX   VBOXBIOS 00000002 INTL 20100528)
[    0.000000] ACPI: FACS 0x000000003FFF0200 000040
[    0.000000] ACPI: FACS 0x000000003FFF0200 000040
[    0.000000] ACPI: APIC 0x000000003FFF0240 00005C (v02 VBOX   VBOXAPIC 00000001 ASL  00000061)
[    0.000000] ACPI: SSDT 0x000000003FFF02A0 0001CC (v01 VBOX   VBOXCPUT 00000002 INTL 20100528)
[    0.000000] No NUMA configuration found
[    0.000000] Faking a node at [mem 0x0000000000000000-0x000000003ffeffff]
[    0.000000] NODE_DATA(0) allocated [mem 0x3ffc5000-0x3ffeffff]
[    0.000000] kvm-clock: cpu 0, msr 0:3ff44001, primary cpu clock
[    0.000000] kvm-clock: Using msrs 4b564d01 and 4b564d00
[    0.000000] kvm-clock: using sched offset of 5842148272 cycles
[    0.000000] clocksource: kvm-clock: mask: 0xffffffffffffffff max_cycles: 0x1cd42e4dffb, max_idle_ns: 881590591483 ns
[    0.000000] Zone ranges:
[    0.000000]   DMA      [mem 0x0000000000001000-0x0000000000ffffff]
[    0.000000]   DMA32    [mem 0x0000000001000000-0x000000003ffeffff]
[    0.000000]   Normal   empty
[    0.000000]   Device   empty
[    0.000000] Movable zone start for each node
[    0.000000] Early memory node ranges
[    0.000000]   node   0: [mem 0x0000000000001000-0x000000000009efff]
[    0.000000]   node   0: [mem 0x0000000000100000-0x000000003ffeffff]
[    0.000000] Reserved but unavailable: 98 pages
[    0.000000] Initmem setup node 0 [mem 0x0000000000001000-0x000000003ffeffff]
[    0.000000] ACPI: PM-Timer IO Port: 0x4008
[    0.000000] IOAPIC[0]: apic_id 2, version 32, address 0xfec00000, GSI 0-23
[    0.000000] ACPI: INT_SRC_OVR (bus 0 bus_irq 0 global_irq 2 dfl dfl)
[    0.000000] ACPI: INT_SRC_OVR (bus 0 bus_irq 9 global_irq 9 low level)
[    0.000000] Using ACPI (MADT) for SMP configuration information
[    0.000000] smpboot: Allowing 2 CPUs, 0 hotplug CPUs
[    0.000000] PM: Registered nosave memory: [mem 0x00000000-0x00000fff]
[    0.000000] PM: Registered nosave memory: [mem 0x0009f000-0x0009ffff]
[    0.000000] PM: Registered nosave memory: [mem 0x000a0000-0x000effff]
[    0.000000] PM: Registered nosave memory: [mem 0x000f0000-0x000fffff]
[    0.000000] e820: [mem 0x40000000-0xfebfffff] available for PCI devices
[    0.000000] Booting paravirtualized kernel on KVM
[    0.000000] clocksource: refined-jiffies: mask: 0xffffffff max_cycles: 0xffffffff, max_idle_ns: 7645519600211568 ns
[    0.000000] random: get_random_bytes called from start_kernel+0x99/0x500 with crng_init=0
[    0.000000] setup_percpu: NR_CPUS:8192 nr_cpumask_bits:2 nr_cpu_ids:2 nr_node_ids:1
[    0.000000] percpu: Embedded 45 pages/cpu s147456 r8192 d28672 u1048576
[    0.000000] PV qspinlock hash table entries: 256 (order: 0, 4096 bytes)
[    0.000000] Built 1 zonelists, mobility grouping on.  Total pages: 257913
[    0.000000] Policy zone: DMA32
[    0.000000] Kernel command line: BOOT_IMAGE=/boot/vmlinuz-4.15.0-135-generic root=UUID=a7cc7f74-b099-45a4-9eb5-9d006fce0a97 ro console=tty1 console=ttyS0
[    0.000000] Memory: 982496K/1048120K available (12300K kernel code, 2482K rwdata, 4276K rodata, 2440K init, 2724K bss, 65624K reserved, 0K cma-reserved)
[    0.000000] SLUB: HWalign=64, Order=0-3, MinObjects=0, CPUs=2, Nodes=1
[    0.000000] ftrace: allocating 39422 entries in 154 pages
[    0.004000] Hierarchical RCU implementation.
[    0.004000] 	RCU restricting CPUs from NR_CPUS=8192 to nr_cpu_ids=2.
[    0.004000] 	Tasks RCU enabled.
[    0.004000] RCU: Adjusting geometry for rcu_fanout_leaf=16, nr_cpu_ids=2
[    0.004000] NR_IRQS: 524544, nr_irqs: 440, preallocated irqs: 16
[    0.004000] Console: colour VGA+ 80x25
[    0.004000] console [tty1] enabled
[    0.004000] console [ttyS0] enabled
[    0.004000] ACPI: Core revision 20170831
[    0.004000] ACPI: 2 ACPI AML tables successfully acquired and loaded
[    0.004000] APIC: Switch to symmetric I/O mode setup
[    0.004000] x2apic enabled
[    0.004000] Switched APIC routing to physical x2apic.
[    0.007200] ..TIMER: vector=0x30 apic1=0 pin1=2 apic2=-1 pin2=-1
[    0.008012] tsc: Detected 1497.593 MHz processor
[    0.012029] Calibrating delay loop (skipped) preset value.. 2995.18 BogoMIPS (lpj=5990372)
[    0.016015] pid_max: default: 32768 minimum: 301
[    0.020118] Security Framework initialized
[    0.024007] Yama: becoming mindful.
[    0.025674] AppArmor: AppArmor initialized
[    0.032139] Dentry cache hash table entries: 131072 (order: 8, 1048576 bytes)
[    0.036136] Inode-cache hash table entries: 65536 (order: 7, 524288 bytes)
[    0.040032] Mount-cache hash table entries: 2048 (order: 2, 16384 bytes)
[    0.044013] Mountpoint-cache hash table entries: 2048 (order: 2, 16384 bytes)
[    0.048746] Last level iTLB entries: 4KB 0, 2MB 0, 4MB 0
[    0.052007] Last level dTLB entries: 4KB 0, 2MB 0, 4MB 0, 1GB 0
[    0.056015] Spectre V1 : Mitigation: usercopy/swapgs barriers and __user pointer sanitization
[    0.059775] unchecked MSR access error: WRMSR to 0x48 (tried to write 0x0000000000000001) at rIP: 0xffffffffa146f428 (native_write_msr+0x8/0x30)
[    0.060009] Call Trace:
[    0.061342]  wrmsrl+0x16/0x20
[    0.064013]  check_bugs+0x263/0xa11
[    0.065716]  ? delayacct_init+0x52/0x70
[    0.067446]  start_kernel+0x4b8/0x500
[    0.068014]  x86_64_start_reservations+0x24/0x26
[    0.072009]  x86_64_start_kernel+0x74/0x77
[    0.073935]  secondary_startup_64+0xa5/0xb0
[    0.076013] Spectre V2 : Mitigation: Enhanced IBRS
[    0.078430] Spectre V2 : Spectre v2 / SpectreRSB mitigation: Filling RSB on context switch
[    0.080005] Speculative Store Bypass: Vulnerable
[    0.084474] Freeing SMP alternatives memory: 36K
[    0.201421] smpboot: CPU0: Intel(R) Core(TM) i5-1035G7 CPU @ 1.20GHz (family: 0x6, model: 0x7e, stepping: 0x5)
[    0.204191] Performance Events: unsupported p6 CPU model 126 no PMU driver, software events only.
[    0.208105] Hierarchical SRCU implementation.
[    0.213805] NMI watchdog: Perf event create on CPU 0 failed with -2
[    0.216006] NMI watchdog: Perf NMI watchdog permanently disabled
[    0.220139] smp: Bringing up secondary CPUs ...
[    0.222607] x86: Booting SMP configuration:
[    0.224010] .... node  #0, CPUs:      #1
[    0.004000] kvm-clock: cpu 1, msr 0:3ff44041, secondary cpu clock
[    0.236048] smp: Brought up 1 node, 2 CPUs
[    0.240016] smpboot: Max logical packages: 1
[    0.243627] smpboot: Total of 2 processors activated (5990.37 BogoMIPS)
[    0.244300] devtmpfs: initialized
[    0.245927] x86/mm: Memory block size: 128MB
[    0.248351] evm: security.selinux
[    0.250188] evm: security.SMACK64
[    0.252009] evm: security.SMACK64EXEC
[    0.254017] evm: security.SMACK64TRANSMUTE
[    0.256008] evm: security.SMACK64MMAP
[    0.257945] evm: security.apparmor
[    0.260006] evm: security.ima
[    0.261483] evm: security.capability
[    0.264312] clocksource: jiffies: mask: 0xffffffff max_cycles: 0xffffffff, max_idle_ns: 7645041785100000 ns
[    0.268039] futex hash table entries: 512 (order: 3, 32768 bytes)
[    0.276000] pinctrl core: initialized pinctrl subsystem
[    0.276272] RTC time:  5:28:09, date: 02/13/21
[    0.280515] NET: Registered protocol family 16
[    0.284174] audit: initializing netlink subsys (disabled)
[    0.288086] audit: type=2000 audit(1613194096.482:1): state=initialized audit_enabled=0 res=1
[    0.296019] cpuidle: using governor ladder
[    0.300023] cpuidle: using governor menu
[    0.304094] ACPI: bus type PCI registered
[    0.308011] acpiphp: ACPI Hot Plug PCI Controller Driver version: 0.5
[    0.312269] PCI: Using configuration type 1 for base access
[    0.320155] HugeTLB registered 2.00 MiB page size, pre-allocated 0 pages
[    0.324235] ACPI: Added _OSI(Module Device)
[    0.328024] ACPI: Added _OSI(Processor Device)
[    0.330721] ACPI: Added _OSI(3.0 _SCP Extensions)
[    0.332026] ACPI: Added _OSI(Processor Aggregator Device)
[    0.336011] ACPI: Added _OSI(Linux-Dell-Video)
[    0.340010] ACPI: Added _OSI(Linux-Lenovo-NV-HDMI-Audio)
[    0.344011] ACPI: Added _OSI(Linux-HPI-Hybrid-Graphics)
[    0.348609] ACPI: Executed 1 blocks of module-level executable AML code
[    0.361246] ACPI: Interpreter enabled
[    0.363456] ACPI: (supports S0 S5)
[    0.364010] ACPI: Using IOAPIC for interrupt routing
[    0.368689] PCI: Using host bridge windows from ACPI; if necessary, use "pci=nocrs" and report a bug
[    0.372465] ACPI: Enabled 2 GPEs in block 00 to 07
[    0.397150] ACPI: PCI Root Bridge [PCI0] (domain 0000 [bus 00-ff])
[    0.400031] acpi PNP0A03:00: _OSC: OS supports [ASPM ClockPM Segments MSI]
[    0.405984] acpi PNP0A03:00: _OSC: not requesting OS control; OS requires [ExtendedConfig ASPM ClockPM MSI]
[    0.408128] acpi PNP0A03:00: fail to add MMCONFIG information, can't access extended PCI configuration space under this bridge.
[    0.413206] PCI host bridge to bus 0000:00
[    0.415475] pci_bus 0000:00: root bus resource [io  0x0000-0x0cf7 window]
[    0.416020] pci_bus 0000:00: root bus resource [io  0x0d00-0xffff window]
[    0.420018] pci_bus 0000:00: root bus resource [mem 0x000a0000-0x000bffff window]
[    0.424024] pci_bus 0000:00: root bus resource [mem 0x40000000-0xfdffffff window]
[    0.428020] pci_bus 0000:00: root bus resource [bus 00-ff]
[    0.440456] pci 0000:00:01.1: legacy IDE quirk: reg 0x10: [io  0x01f0-0x01f7]
[    0.444018] pci 0000:00:01.1: legacy IDE quirk: reg 0x14: [io  0x03f6]
[    0.448017] pci 0000:00:01.1: legacy IDE quirk: reg 0x18: [io  0x0170-0x0177]
[    0.452018] pci 0000:00:01.1: legacy IDE quirk: reg 0x1c: [io  0x0376]
[    0.495393] pci 0000:00:07.0: quirk: [io  0x4000-0x403f] claimed by PIIX4 ACPI
[    0.496042] pci 0000:00:07.0: quirk: [io  0x4100-0x410f] claimed by PIIX4 SMB
[    0.526128] ACPI: PCI Interrupt Link [LNKA] (IRQs 5 9 10 *11)
[    0.528838] ACPI: PCI Interrupt Link [LNKB] (IRQs 5 9 *10 11)
[    0.532314] ACPI: PCI Interrupt Link [LNKC] (IRQs 5 *9 10 11)
[    0.536316] ACPI: PCI Interrupt Link [LNKD] (IRQs 5 9 10 *11)
[    0.541098] SCSI subsystem initialized
[    0.544225] pci 0000:00:02.0: vgaarb: setting as boot VGA device
[    0.547624] pci 0000:00:02.0: vgaarb: VGA device added: decodes=io+mem,owns=io+mem,locks=none
[    0.548021] pci 0000:00:02.0: vgaarb: bridge control possible
[    0.552009] vgaarb: loaded
[    0.556092] ACPI: bus type USB registered
[    0.558068] usbcore: registered new interface driver usbfs
[    0.560000] usbcore: registered new interface driver hub
[    0.560067] usbcore: registered new device driver usb
[    0.564153] EDAC MC: Ver: 3.0.0
[    0.568680] PCI: Using ACPI for IRQ routing
[    0.572773] NetLabel: Initializing
[    0.576009] NetLabel:  domain hash size = 128
[    0.580007] NetLabel:  protocols = UNLABELED CIPSOv4 CALIPSO
[    0.584060] NetLabel:  unlabeled traffic allowed by default
[    0.588326] clocksource: Switched to clocksource kvm-clock
[    0.646774] VFS: Disk quotas dquot_6.6.0
[    0.649578] VFS: Dquot-cache hash table entries: 512 (order 0, 4096 bytes)
[    0.653542] AppArmor: AppArmor Filesystem Enabled
[    0.656311] pnp: PnP ACPI init
[    0.661022] pnp: PnP ACPI: found 3 devices
[    0.684978] clocksource: acpi_pm: mask: 0xffffff max_cycles: 0xffffff, max_idle_ns: 2085701024 ns
[    0.691976] NET: Registered protocol family 2
[    0.694705] TCP established hash table entries: 8192 (order: 4, 65536 bytes)
[    0.699327] TCP bind hash table entries: 8192 (order: 5, 131072 bytes)
[    0.712946] TCP: Hash tables configured (established 8192 bind 8192)
[    0.716926] UDP hash table entries: 512 (order: 2, 16384 bytes)
[    0.720273] UDP-Lite hash table entries: 512 (order: 2, 16384 bytes)
[    0.723975] NET: Registered protocol family 1
[    0.726766] pci 0000:00:00.0: Limiting direct PCI/PCI transfers
[    0.729653] pci 0000:00:01.0: Activating ISA DMA hang workarounds
[    0.733461] pci 0000:00:02.0: Video device with shadowed ROM at [mem 0x000c0000-0x000dffff]
[    0.737778] Unpacking initramfs...
[    1.845162] Freeing initrd memory: 19748K
[    1.847937] clocksource: tsc: mask: 0xffffffffffffffff max_cycles: 0x159640e8206, max_idle_ns: 440795247531 ns
[    1.853948] platform rtc_cmos: registered platform RTC device (no PNP device found)
[    1.858671] Scanning for low memory corruption every 60 seconds
[    1.865615] Initialise system trusted keyrings
[    1.869395] Key type blacklist registered
[    1.873381] workingset: timestamp_bits=36 max_order=18 bucket_order=0
[    1.880998] zbud: loaded
[    1.883665] squashfs: version 4.0 (2009/01/31) Phillip Lougher
[    1.887957] fuse init (API version 7.26)
[    1.907499] Key type asymmetric registered
[    1.910420] Asymmetric key parser 'x509' registered
[    1.915359] Block layer SCSI generic (bsg) driver version 0.4 loaded (major 246)
[    1.922173] io scheduler noop registered
[    1.925690] io scheduler deadline registered
[    1.938487] io scheduler cfq registered (default)
[    1.943778] ACPI: AC Adapter [AC] (off-line)
[    1.947895] input: Power Button as /devices/LNXSYSTM:00/LNXPWRBN:00/input/input0
[    1.954336] ACPI: Power Button [PWRF]
[    1.957705] input: Sleep Button as /devices/LNXSYSTM:00/LNXSLPBN:00/input/input1
[    1.964293] ACPI: Sleep Button [SLPF]
[    1.968793] Serial: 8250/16550 driver, 32 ports, IRQ sharing enabled
[    1.971428] ACPI: Battery Slot [BAT0] (battery present)
[    1.995261] 00:02: ttyS0 at I/O 0x3f8 (irq = 4, base_baud = 115200) is a 16550A
[    2.006907] Linux agpgart interface v0.103
[    2.011860] loop: module loaded
[    2.015445] scsi host0: ata_piix
[    2.018605] scsi host1: ata_piix
[    2.020749] ata1: PATA max UDMA/33 cmd 0x1f0 ctl 0x3f6 bmdma 0xd000 irq 14
[    2.024152] ata2: PATA max UDMA/33 cmd 0x170 ctl 0x376 bmdma 0xd008 irq 15
[    2.027924] libphy: Fixed MDIO Bus: probed
[    2.030387] tun: Universal TUN/TAP device driver, 1.6
[    2.033601] PPP generic driver version 2.4.2
[    2.036457] ehci_hcd: USB 2.0 'Enhanced' Host Controller (EHCI) Driver
[    2.039503] ehci-pci: EHCI PCI platform driver
[    2.041719] ehci-platform: EHCI generic platform driver
[    2.044400] ohci_hcd: USB 1.1 'Open' Host Controller (OHCI) Driver
[    2.047619] ohci-pci: OHCI PCI platform driver
[    2.049717] ohci-platform: OHCI generic platform driver
[    2.052075] uhci_hcd: USB Universal Host Controller Interface driver
[    2.055910] i8042: PNP: PS/2 Controller [PNP0303:PS2K,PNP0f03:PS2M] at 0x60,0x64 irq 1,12
[    2.060855] serio: i8042 KBD port at 0x60,0x64 irq 1
[    2.063291] serio: i8042 AUX port at 0x60,0x64 irq 12
[    2.065907] mousedev: PS/2 mouse device common for all mice
[    2.069176] input: AT Translated Set 2 keyboard as /devices/platform/i8042/serio0/input/input2
[    2.073933] rtc_cmos rtc_cmos: rtc core: registered rtc_cmos as rtc0
[    2.077615] rtc_cmos rtc_cmos: alarms up to one day, 114 bytes nvram
[    2.081266] i2c /dev entries driver
[    2.083169] device-mapper: uevent: version 1.0.3
[    2.085673] device-mapper: ioctl: 4.37.0-ioctl (2017-09-20) initialised: dm-devel@redhat.com
[    2.089859] ledtrig-cpu: registered to indicate activity on CPUs
[    2.093526] NET: Registered protocol family 10
[    2.107594] Segment Routing with IPv6
[    2.110737] NET: Registered protocol family 17
[    2.114674] Key type dns_resolver registered
[    2.119282] mce: Using 0 MCE banks
[    2.121432] RAS: Correctable Errors collector initialized.
[    2.124520] sched_clock: Marking stable (2121389561, 0)->(2606533472, -485143911)
[    2.130279] registered taskstats version 1
[    2.133057] Loading compiled-in X.509 certificates
[    2.142168] Loaded X.509 cert 'Build time autogenerated kernel key: 399a566a2ea98257ce6f7132c633527e9761cd56'
[    2.148538] zswap: loaded using pool lzo/zbud
[    2.162032] Key type big_key registered
[    2.165578] Key type trusted registered
[    2.173242] Key type encrypted registered
[    2.176781] AppArmor: AppArmor sha1 policy hashing enabled
[    2.181844] ima: No TPM chip found, activating TPM-bypass! (rc=-19)
[    2.187375] ima: Allocated hash algorithm: sha1
[    2.191253] evm: HMAC attrs: 0x1
[    2.195221]   Magic number: 9:405:466
[    2.197913]  cache: hash matches
[    2.199699]  cache: hash matches
[    2.201997] rtc_cmos rtc_cmos: setting system clock to 2021-02-13 05:28:11 UTC (1613194091)
[    2.207134] BIOS EDD facility v0.16 2004-Jun-25, 0 devices found
[    2.211175] EDD information not available.
[    2.219289] Freeing unused kernel image memory: 2440K
[    2.236374] Write protecting the kernel read-only data: 20480k
[    2.241275] Freeing unused kernel image memory: 2008K
[    2.246852] Freeing unused kernel image memory: 1868K
[    2.264135] x86/mm: Checked W+X mappings: passed, no W+X pages found.
Loading, please wait...
starting version 237
[    2.466918] e1000: Intel(R) PRO/1000 Network Driver - version 7.3.21-k8-NAPI
[    2.470538] e1000: Copyright (c) 1999-2006 Intel Corporation.
[    2.486828] Fusion MPT base driver 3.04.20
[    2.488924] Copyright (c) 1999-2008 LSI Corporation
[    2.541320] AVX2 version of gcm_enc/dec engaged.
[    2.542472] Fusion MPT SPI Host driver 3.04.20
[    2.544051] AES CTR mode by8 optimization enabled
[    2.712927] input: ImExPS/2 Generic Explorer Mouse as /devices/platform/i8042/serio1/input/input4
[    3.078369] e1000 0000:00:03.0 eth0: (PCI:33MHz:32-bit) 02:c6:b0:25:69:cb
[    3.083617] e1000 0000:00:03.0 eth0: Intel(R) PRO/1000 Network Connection
[    3.704400] e1000 0000:00:08.0 eth1: (PCI:33MHz:32-bit) 08:00:27:d0:84:12
[    3.707403] e1000 0000:00:08.0 eth1: Intel(R) PRO/1000 Network Connection
[    3.713212] e1000 0000:00:08.0 enp0s8: renamed from eth1
[    3.737481] mptbase: ioc0: Initiating bringup
[    3.753703] e1000 0000:00:03.0 enp0s3: renamed from eth0
[    3.840663] ioc0: LSI53C1030 A0: Capabilities={Initiator}
[    4.728295] scsi host2: ioc0: LSI53C1030 A0, FwRev=00000000h, Ports=1, MaxQ=256, IRQ=20
[    5.414291] scsi 2:0:0:0: Direct-Access     VBOX     HARDDISK         1.0  PQ: 0 ANSI: 5
[    5.448127] scsi target2:0:0: Beginning Domain Validation
[    5.457605] scsi target2:0:0: Domain Validation skipping write tests
[    5.464303] scsi target2:0:0: Ending Domain Validation
[    5.469459] scsi target2:0:0: asynchronous
[    5.475458] scsi 2:0:1:0: Direct-Access     VBOX     HARDDISK         1.0  PQ: 0 ANSI: 5
[    5.512903] scsi target2:0:1: Beginning Domain Validation
[    5.516958] random: fast init done
[    5.524631] scsi target2:0:1: Domain Validation skipping write tests
[    5.530700] scsi target2:0:1: Ending Domain Validation
[    5.535819] scsi target2:0:1: asynchronous
[    5.556280] random: systemd-udevd: uninitialized urandom read (16 bytes read)
[    5.556604] sd 2:0:0:0: Attached scsi generic sg0 type 0
[    5.561086] random: systemd-udevd: uninitialized urandom read (16 bytes read)
[    5.565064] sd 2:0:1:0: Attached scsi generic sg1 type 0
[    5.579117] random: systemd-udevd: uninitialized urandom read (16 bytes read)
[    5.587457] sd 2:0:0:0: [sda] 20971520 512-byte logical blocks: (10.7 GB/10.0 GiB)
[    5.593547] sd 2:0:0:0: [sda] Write Protect is off
[    5.596527] sd 2:0:1:0: [sdb] 20480 512-byte logical blocks: (10.5 MB/10.0 MiB)
[    5.601285] sd 2:0:0:0: [sda] Incomplete mode parameter data
[    5.605136] sd 2:0:0:0: [sda] Assuming drive cache: write through
[    5.607964] sd 2:0:1:0: [sdb] Write Protect is off
[    5.610702] sd 2:0:1:0: [sdb] Incomplete mode parameter data
[    5.614077] sd 2:0:1:0: [sdb] Assuming drive cache: write through
[    5.638958]  sda: sda1
[    5.643008] sd 2:0:0:0: [sda] Attached SCSI disk
[    5.648421] sd 2:0:1:0: [sdb] Attached SCSI disk
Begin: Loading essential drivers ... [    7.872708] raid6: sse2x1   gen()  3863 MB/s
[    7.920446] raid6: sse2x1   xor()  2300 MB/s
[    7.968211] raid6: sse2x2   gen()  4926 MB/s
[    8.016823] raid6: sse2x2   xor()  3259 MB/s
[    8.064046] raid6: sse2x4   gen()  5157 MB/s
[    8.112467] raid6: sse2x4   xor()  3002 MB/s
[    8.160894] raid6: avx2x1   gen()  7798 MB/s
[    8.208443] raid6: avx2x1   xor()  4533 MB/s
[    8.260107] raid6: avx2x2   gen()  9423 MB/s
[    8.308677] raid6: avx2x2   xor()  6315 MB/s
[    8.356391] raid6: avx2x4   gen()  9413 MB/s
[    8.404592] raid6: avx2x4   xor()  5923 MB/s
[    8.406276] raid6: using algorithm avx2x2 gen() 9423 MB/s
[    8.409960] raid6: .... xor() 6315 MB/s, rmw enabled
[    8.413782] raid6: using avx2x2 recovery algorithm
[    8.421506] xor: automatically using best checksumming function   avx       
[    8.430993] async_tx: api initialized (async)
done.
Begin: Running /scripts/init-premount ... done.
Begin: Mounting root file system ... Begin: Running /scripts/local-top ... done.
Begin: Running /scripts/local-premount ... [    8.561673] Btrfs loaded, crc32c=crc32c-intel
Scanning for Btrfs filesystems
done.
Warning: fsck not present, so skipping root file system
[    8.641434] EXT4-fs (sda1): mounted filesystem with ordered data mode. Opts: (null)
done.
Begin: Running /scripts/local-bottom ... done.
Begin: Running /scripts/init-bottom ... done.
[    9.010633] ip_tables: (C) 2000-2006 Netfilter Core Team
[    9.039222] systemd[1]: systemd 237 running in system mode. (+PAM +AUDIT +SELINUX +IMA +APPARMOR +SMACK +SYSVINIT +UTMP +LIBCRYPTSETUP +GCRYPT +GNUTLS +ACL +XZ +LZ4 +SECCOMP +BLKID +ELFUTILS +KMOD -IDN2 +IDN -PCRE2 default-hierarchy=hybrid)
[    9.050575] systemd[1]: Detected virtualization oracle.
[    9.054160] systemd[1]: Detected architecture x86-64.

Welcome to [1mUbuntu 18.04.5 LTS[0m!

[    9.076498] systemd[1]: Set hostname to <ubuntu-bionic>.
[    9.644477] systemd[1]: Set up automount Arbitrary Executable File Formats File System Automount Point.
[[0;32m  OK  [0m] Set up automount Arbitrary Executab…rmats File System Automount Point.
[    9.659904] systemd[1]: Created slice System Slice.
[[0;32m  OK  [0m] Created slice System Slice.
[    9.666154] systemd[1]: Listening on Network Service Netlink Socket.
[[0;32m  OK  [0m] Listening on Network Service Netlink Socket.
[    9.675621] systemd[1]: Created slice system-serial\x2dgetty.slice.
[[0;32m  OK  [0m] Created slice system-serial\x2dgetty.slice.
[    9.693084] systemd[1]: Listening on udev Kernel Socket.
[[0;32m  OK  [0m] Listening on udev Kernel Socket.
[    9.698450] systemd[1]: Reached target System Time Synchronized.
[[0;32m  OK  [0m] Reached target System Time Synchronized.
[[0;32m  OK  [0m] Listening on Syslog Socket.
[[0;32m  OK  [0m] Listening on udev Control Socket.
[[0;32m  OK  [0m] Listening on /dev/initctl Compatibility Named Pipe.
[[0;32m  OK  [0m] Listening on Journal Audit Socket.
[[0;32m  OK  [0m] Started Forward Password Requests to Wall Directory Watch.
[[0;32m  OK  [0m] Reached target Swap.
[[0;32m  OK  [0m] Listening on LVM2 poll daemon socket.
[[0;32m  OK  [0m] Listening on LVM2 metadata daemon socket.
[[0;32m  OK  [0m] Listening on Journal Socket (/dev/log).
[[0;32m  OK  [0m] Listening on Device-mapper event daemon FIFOs.
[[0;32m  OK  [0m] Created slice system-postgresql.slice.
[[0;32m  OK  [0m] Created slice User and Session Slice.
[[0;32m  OK  [0m] Reached target Slices.
[[0;32m  OK  [0m] Listening on Journal Socket.
         Starting Monitoring of LVM2 mirrors…ng dmeventd or progress polling...
         Starting Create list of required st…ce nodes for the current kernel...
         Mounting RPC Pipe File System...
         Starting Journal Service...
         Mounting Kernel Debug File System...
         Starting udev Coldplug all Devices...
         Mounting Huge Pages File System...
         Starting Load Kernel Modules...
         Starting Uncomplicated firewall...
         Starting Remount Root and Kernel File Systems...
         Starting Set the console keyboard layout...
[[0;32m  OK  [0m] Reached target User and Group Name Lookups.
         Mounting POSIX Message Queue File System...
[[0;32m  OK  [0m] Listening on RPCbind Server Activation Socket.
[[0;32m  OK  [0m] Started Create list of required sta…vice nodes for the current kernel.
[[0;32m  OK  [0m] Started Journal Service.
[[0;32m  OK  [0m] Mounted Kernel Debug File System.
[[0;32m  OK  [0m] Mounted Huge Pages File System.
[   10.046131] Loading iSCSI transport class v2.0-870.
[[0;32m  OK  [0m] Started Uncomplicated firewall.
[[0;32m  OK  [0m] Mounted POSIX Message Queue File System.
[[0;32m  OK  [0m] Started LVM2 metadata daemon.
         Starting Create Static Device Nodes in /dev...
[   10.070225] EXT4-fs (sda1): re-mounted. Opts: (null)
[[0;32m  OK  [0m] Started Remount Root and Kernel File Systems.
         Starting Load/Save Random Seed...
[   10.090177] RPC: Registered named UNIX socket transport module.
[   10.094345] RPC: Registered udp transport module.
[   10.098263] RPC: Registered tcp transport module.
[   10.101817] RPC: Registered tcp NFSv4.1 backchannel transport module.
         Starting Flush Journal to Persistent Storage...
[[0;32m  OK  [0m] Mounted RPC Pipe File System.
[[0;32m  OK  [0m] Started Load/Save Random Seed.
[[0;32m  OK  [0m] Started udev Coldplug all Devices.
[   10.187263] iscsi: registered transport (tcp)
[   10.202975] systemd-journald[412]: Received request to flush runtime journal from PID 1
[[0;32m  OK  [0m] Started Create Static Device Nodes in /dev.
         Starting udev Kernel Device Manager...
[[0;32m  OK  [0m] Started Monitoring of LVM2 mirrors,…sing dmeventd or progress polling.
[[0;32m  OK  [0m] Started udev Kernel Device Manager.
[[0;32m  OK  [0m] Started Set the console keyboard layout.
[[0;32m  OK  [0m] Reached target Local File Systems (Pre).
[[0;32m  OK  [0m] Reached target Local File Systems.
         Starting Set console font and keymap...
[   10.521661] iscsi: registered transport (iser)
         Starting ebtables ruleset management...
         Starting Preprocess NFS configuration...
         Starting Tell Plymouth To Write Out Runtime Data...
         Starting AppArmor initialization...
[[0;32m  OK  [0m] Started Dispatch Password Requests to Console Directory Watch.
[[0;32m  OK  [0m] Reached target Local Encrypted Volumes.
[[0;32m  OK  [0m] Started Load Kernel Modules.
[[0;32m  OK  [0m] Started Flush Journal to Persistent Storage.
[[0;32m  OK  [0m] Started Set console font and keymap.
         Starting Create Volatile Files and Directories...
         Starting Apply Kernel Variables...
[   10.632572] random: crng init done
[   10.635007] random: 7 urandom warning(s) missed due to ratelimiting
         Mounting Kernel Configuration File System...
         Mounting FUSE Control File System...
[[0;32m  OK  [0m] Started Preprocess NFS configuration.
[[0;32m  OK  [0m] Reached target NFS client services.
[[0;32m  OK  [0m] Started Tell Plymouth To Write Out Runtime Data.
[[0;32m  OK  [0m] Mounted Kernel Configuration File System.
[[0;32m  OK  [0m] Mounted FUSE Control File System.
[[0;32m  OK  [0m] Started Create Volatile Files and Directories.
         Starting RPC bind portmap service...
         Starting Update UTMP about System Boot/Shutdown...
[[0;32m  OK  [0m] Started Apply Kernel Variables.
[[0;32m  OK  [0m] Started RPC bind portmap service.
[[0;32m  OK  [0m] Reached target RPC Port Mapper.
[[0;32m  OK  [0m] Started Update UTMP about System Boot/Shutdown.
[[0;32m  OK  [0m] Started ebtables ruleset management.
[[0;32m  OK  [0m] Started AppArmor initialization.
         Starting Load AppArmor profiles managed internally by snapd...
         Starting Initial cloud-init job (pre-networking)...
[[0;32m  OK  [0m] Started Load AppArmor profiles managed internally by snapd.
[[0;32m  OK  [0m] Found device /dev/ttyS0.
[[0;32m  OK  [0m] Listening on Load/Save RF Kill Switch Status /dev/rfkill Watch.
[   14.271636] cloud-init[535]: Cloud-init v. 20.3-2-g371b392c-0ubuntu1~18.04.1 running 'init-local' at Sat, 13 Feb 2021 05:28:23 +0000. Up 13.79 seconds.
[[0;32m  OK  [0m] Started Initial cloud-init job (pre-networking).
[[0;32m  OK  [0m] Reached target Network (Pre).
         Starting Network Service...
[[0;32m  OK  [0m] Started Network Service.
         Starting Wait for Network to be Configured...
         Starting Network Name Resolution...
[[0;32m  OK  [0m] Started Network Name Resolution.
[[0;32m  OK  [0m] Reached target Network.
[[0;32m  OK  [0m] Reached target Host and Network Name Lookups.
[[0;32m  OK  [0m] Started Wait for Network to be Configured.
         Starting Initial cloud-init job (metadata service crawler)...
[   17.609499] cloud-init[687]: Cloud-init v. 20.3-2-g371b392c-0ubuntu1~18.04.1 running 'init' at Sat, 13 Feb 2021 05:28:26 +0000. Up 17.18 seconds.
[   17.613868] cloud-init[687]: ci-info: ++++++++++++++++++++++++++++++++++++++Net device info+++++++++++++++++++++++++++++++++++++++
[   17.617609] cloud-init[687]: ci-info: +--------+------+-----------------------------+---------------+--------+-------------------+
[   17.621370] cloud-init[687]: ci-info: | Device |  Up  |           Address           |      Mask     | Scope  |     Hw-Address    |
[   17.623378] cloud-init[687]: ci-info: +--------+------+-----------------------------+---------------+--------+-------------------+
[   17.640750] cloud-init[687]: ci-info: | enp0s3 | True |          10.0.2.15          | 255.255.255.0 | global | 02:c6:b0:25:69:cb |
[   17.652884] cloud-init[687]: ci-info: | enp0s3 | True |  fe80::c6:b0ff:fe25:69cb/64 |       .       |  link  | 02:c6:b0:25:69:cb |
[   17.656410] cloud-init[687]: ci-info: | enp0s8 | True |        192.168.33.10        | 255.255.255.0 | global | 08:00:27:d0:84:12 |
[   17.660407] cloud-init[687]: ci-info: | enp0s8 | True | fe80::a00:27ff:fed0:8412/64 |       .       |  link  | 08:00:27:d0:84:12 |
[   17.664532] cloud-init[687]: ci-info: |   lo   | True |          127.0.0.1          |   255.0.0.0   |  host  |         .         |
[   17.668487] cloud-init[687]: ci-info: |   lo   | True |           ::1/128           |       .       |  host  |         .         |
[   17.672223] cloud-init[687]: ci-info: +--------+------+-----------------------------+---------------+--------+-------------------+
[   17.675919] cloud-init[687]: ci-info: +++++++++++++++++++++++++++++Route IPv4 info+++++++++++++++++++++++++++++
[   17.678671] cloud-init[687]: ci-info: +-------+--------------+----------+-----------------+-----------+-------+
[   17.682431] cloud-init[687]: ci-info: | Route | Destination  | Gateway  |     Genmask     | Interface | Flags |
[   17.685669] cloud-init[687]: ci-info: +-------+--------------+----------+-----------------+-----------+-------+
[   17.691873] cloud-init[687]: ci-info: |   0   |   0.0.0.0    | 10.0.2.2 |     0.0.0.0     |   enp0s3  |   UG  |
[   17.695889] cloud-init[687]: ci-info: |   1   |   10.0.2.0   | 0.0.0.0  |  255.255.255.0  |   enp0s3  |   U   |
[   17.699349] cloud-init[687]: ci-info: |   2   |   10.0.2.2   | 0.0.0.0  | 255.255.255.255 |   enp0s3  |   UH  |
[   17.702611] cloud-init[687]: ci-info: |   3   | 192.168.33.0 | 0.0.0.0  |  255.255.255.0  |   enp0s8  |   U   |
[   17.716585] cloud-init[687]: ci-info: +-------+--------------+----------+-----------------+-----------+-------+
[   17.728710] cloud-init[687]: ci-info: +++++++++++++++++++Route IPv6 info+++++++++++++++++++
[   17.732036] cloud-init[687]: ci-info: +-------+-------------+---------+-----------+-------+
[   17.734228] cloud-init[687]: ci-info: | Route | Destination | Gateway | Interface | Flags |
[   17.736191] cloud-init[687]: ci-info: +-------+-------------+---------+-----------+-------+
[   17.740645] cloud-init[687]: ci-info: |   1   |  fe80::/64  |    ::   |   enp0s8  |   U   |
[   17.742553] cloud-init[687]: ci-info: |   2   |  fe80::/64  |    ::   |   enp0s3  |   U   |
[   17.744386] cloud-init[687]: ci-info: |   4   |    local    |    ::   |   enp0s3  |   U   |
[   17.746212] cloud-init[687]: ci-info: |   5   |    local    |    ::   |   enp0s8  |   U   |
[   17.748229] cloud-init[687]: ci-info: |   6   |   ff00::/8  |    ::   |   enp0s8  |   U   |
[   17.750014] cloud-init[687]: ci-info: |   7   |   ff00::/8  |    ::   |   enp0s3  |   U   |
[   17.752521] cloud-init[687]: ci-info: +-------+-------------+---------+-----------+-------+
[[0;32m  OK  [0m] Started Initial cloud-init job (metadata service crawler).
[[0;32m  OK  [0m] Reached target Network is Online.
         Starting Availability of block devices...
[[0;32m  OK  [0m] Reached target Remote File Systems (Pre).
[[0;32m  OK  [0m] Reached target Remote File Systems.
[[0;32m  OK  [0m] Reached target Cloud-config availability.
[[0;32m  OK  [0m] Reached target System Initialization.
[[0;32m  OK  [0m] Listening on UUID daemon activation socket.
[[0;32m  OK  [0m] Started ACPI Events Check.
[[0;32m  OK  [0m] Listening on ACPID Listen Socket.
[[0;32m  OK  [0m] Started Discard unused blocks once a week.
[[0;32m  OK  [0m] Listening on Open-iSCSI iscsid Socket.
[[0;32m  OK  [0m] Reached target Paths.
[[0;32m  OK  [0m] Started Daily Cleanup of Temporary Directories.
[[0;32m  OK  [0m] Started Daily apt download activities.
[[0;32m  OK  [0m] Started Daily apt upgrade and clean activities.
[[0;32m  OK  [0m] Started Message of the Day.
[[0;32m  OK  [0m] Reached target Timers.
         Starting LXD - unix socket.
         Starting Socket activation for snappy daemon.
[[0;32m  OK  [0m] Listening on D-Bus System Message Bus Socket.
[[0;32m  OK  [0m] Started Availability of block devices.
[[0;32m  OK  [0m] Listening on LXD - unix socket.
[[0;32m  OK  [0m] Listening on Socket activation for snappy daemon.
[[0;32m  OK  [0m] Reached target Sockets.
[[0;32m  OK  [0m] Reached target Basic System.
         Starting Login Service...
[[0;32m  OK  [0m] Started Deferred execution scheduler.
         Starting Virtualbox guest utils...
[[0;32m  OK  [0m] Started D-Bus System Message Bus.
         Starting Resets System Activity Data Collector...
[[0;32m  OK  [0m] Started FUSE filesystem for LXC.
         Starting System Logging Service...
         Starting Permit User Sessions...
         Starting LSB: Record successful boot for GRUB...
[[0;32m  OK  [0m] Started Regular background program processing daemon.
         Starting Accounts Service...
         Starting Dispatcher daemon for systemd-networkd...
         Starting OpenBSD Secure Shell server...
[[0;32m  OK  [0m] Started irqbalance daemon.
         Starting PostgreSQL Cluster 10-main...
         Starting LSB: automatic crash report generation...
         Starting Snap Daemon...
         Starting LXD - container startup/shutdown...
[[0;32m  OK  [0m] Started System Logging Service.
[[0;32m  OK  [0m] Started Resets System Activity Data Collector.
[[0;32m  OK  [0m] Started Permit User Sessions.
[[0;32m  OK  [0m] Started Login Service.
[[0;32m  OK  [0m] Started Unattended Upgrades Shutdown.
         Starting Hold until boot process finishes up...
         Starting Terminate Plymouth Boot Screen...
[[0;32m  OK  [0m] Started Hold until boot process finishes up.
         Starting Set console scheme...
[[0;32m  OK  [0m] Started Serial Getty on ttyS0.
[[0;32m  OK  [0m] Started Terminate Plymouth Boot Screen.
[[0;32m  OK  [0m] Started OpenBSD Secure Shell server.
[[0;32m  OK  [0m] Started Set console scheme.
[[0;32m  OK  [0m] Created slice system-getty.slice.
[[0;32m  OK  [0m] Started Getty on tty1.
[[0;32m  OK  [0m] Reached target Login Prompts.
         Starting Authorization Manager...
[[0;32m  OK  [0m] Started LSB: automatic crash report generation.
[[0;32m  OK  [0m] Started LSB: Record successful boot for GRUB.
[[0;32m  OK  [0m] Started Authorization Manager.
[[0;32m  OK  [0m] Started Accounts Service.
[[0;32m  OK  [0m] Started Virtualbox guest utils.
[[0;32m  OK  [0m] Created slice User Slice of vagrant.
[[0;32m  OK  [0m] Started Dispatcher daemon for systemd-networkd.
         Starting User Manager for UID 1000...
[[0;32m  OK  [0m] Started Session 1 of user vagrant.
[[0;32m  OK  [0m] Started LXD - container startup/shutdown.
[[0;32m  OK  [0m] Started User Manager for UID 1000.
[[0;32m  OK  [0m] Started Snap Daemon.
         Starting Wait until snapd is fully seeded...
[[0;32m  OK  [0m] Started Wait until snapd is fully seeded.
         Starting Apply the settings specified in cloud-config...
[   23.226996] cloud-init[1043]: Cloud-init v. 20.3-2-g371b392c-0ubuntu1~18.04.1 running 'modules:config' at Sat, 13 Feb 2021 05:28:32 +0000. Up 22.87 seconds.
[[0;32m  OK  [0m] Started Apply the settings specified in cloud-config.
[[0;32m  OK  [0m] Started PostgreSQL Cluster 10-main.
         Starting PostgreSQL RDBMS...
[[0;32m  OK  [0m] Started PostgreSQL RDBMS.
[[0;32m  OK  [0m] Reached target Multi-User System.
[[0;32m  OK  [0m] Reached target Graphical Interface.
         Starting Update UTMP about System Runlevel Changes...
         Starting Execute cloud user/final scripts...

Ubuntu 18.04.5 LTS ubuntu-bionic ttyS0

ubuntu-bionic login: [   25.229967] cloud-init[1209]: Cloud-init v. 20.3-2-g371b392c-0ubuntu1~18.04.1 running 'modules:final' at Sat, 13 Feb 2021 05:28:34 +0000. Up 24.92 seconds.
[   25.230229] cloud-init[1209]: Cloud-init v. 20.3-2-g371b392c-0ubuntu1~18.04.1 finished at Sat, 13 Feb 2021 05:28:34 +0000. Datasource DataSourceNoCloud [seed=/dev/sdb][dsmode=net].  Up 25.20 seconds
[55174.512920] INFO: rcu_sched self-detected stall on CPU
[55174.540134] 	0-...!: (1 ticks this GP) idle=362/1/0 softirq=93521/93521 fqs=0 
[55174.542925] 	 (t=124893 jiffies g=55063 c=55062 q=8)
[55174.544768] rcu_sched kthread starved for 124893 jiffies! g55063 c55062 f0x0 RCU_GP_WAIT_FQS(3) ->state=0x402 ->cpu=0
[55174.584350] INFO: rcu_sched self-detected stall on CPU
[55174.587444] 	1-...!: (3 GPs behind) idle=ac2/1/0 softirq=66751/66751 fqs=1 
[55174.596238] 	 (t=2323937 jiffies g=55063 c=55062 q=10)
